<?xml version="1.0" encoding="UTF-8"?>
<!-- Generated by org.testng.reporters.JUnitXMLReporter -->
<testsuite ignored="5" hostname="DESKTOP-SMGNKPT" failures="0" tests="1" name="MyFirstTest" time="13.627" errors="0" timestamp="2023-01-11T18:46:47 IST">
  <testcase classname="testCases.ManageOrdersTestCase" name="verifyTheChangeDeliveryDateOfSearchedOrder" time="10.642"/>
  <testcase classname="testCases.ManageOrdersTestCase" name="verifyTheSearchOfExistingOrder" time="0.0">
    <ignored/>
  </testcase> <!-- verifyTheSearchOfExistingOrder -->
  <testcase classname="testCases.ManageOrdersTestCase" name="verifyThePaymentModeAndOrderId" time="0.0">
    <ignored/>
  </testcase> <!-- verifyThePaymentModeAndOrderId -->
  <testcase classname="testCases.ManageOrdersTestCase" name="verifyTheSearchOfNonExistingOrder" time="0.0">
    <ignored/>
  </testcase> <!-- verifyTheSearchOfNonExistingOrder -->
  <testcase classname="testCases.ManageOrdersTestCase" name="verifyTheValuesOfStatusInSearchOrder" time="0.0">
    <ignored/>
  </testcase> <!-- verifyTheValuesOfStatusInSearchOrder -->
  <testcase classname="testCases.ManageOrdersTestCase" name="verifyThePaymentModeIsBank" time="0.0">
    <ignored/>
  </testcase> <!-- verifyThePaymentModeIsBank -->
</testsuite> <!-- MyFirstTest -->
