<?xml version="1.0" encoding="UTF-8"?>
<!-- Generated by org.testng.reporters.JUnitXMLReporter -->
<testsuite ignored="4" hostname="DESKTOP-SMGNKPT" failures="0" tests="1" name="MyFirstTest" time="4.472" errors="0" timestamp="2022-12-22T19:43:06 IST">
  <testcase classname="testCases.LoginTestCase" name="excelRead" time="1.496"/>
  <testcase classname="testCases.LoginTestCase" name="verifyLoggedUser" time="0.0">
    <ignored/>
  </testcase> <!-- verifyLoggedUser -->
  <testcase classname="testCases.LoginTestCase" name="verifyLoggedUserDataProvider" time="0.0">
    <ignored/>
  </testcase> <!-- verifyLoggedUserDataProvider -->
  <testcase classname="testCases.LoginTestCase" name="profileStyleValidation" time="0.0">
    <ignored/>
  </testcase> <!-- profileStyleValidation -->
  <testcase classname="testCases.LoginTestCase" name="verifyRememberCheckBoxIsDisplayedOrNot" time="0.0">
    <ignored/>
  </testcase> <!-- verifyRememberCheckBoxIsDisplayedOrNot -->
</testsuite> <!-- MyFirstTest -->
