<?xml version="1.0" encoding="UTF-8"?>
<!-- Generated by org.testng.reporters.JUnitXMLReporter -->
<testsuite ignored="0" hostname="DESKTOP-SMGNKPT" failures="0" tests="7" name="MySecondTest" time="44.492" errors="0" timestamp="2023-01-06T19:38:34 IST">
  <testcase classname="testCases.LoginTestCase" name="verifyLoggedUser" time="1.012"/>
  <testcase classname="testCases.LoginTestCase" name="verifyLoggedUser" time="0.552"/>
  <testcase classname="testCases.LoginTestCase" name="verifyLoggedUser" time="0.472"/>
  <testcase classname="testCases.LoginTestCase" name="verifyLoggedUser" time="0.662"/>
  <testcase classname="testCases.LoginTestCase" name="excelRead" time="0.955"/>
  <testcase classname="testCases.LoginTestCase" name="verifyRememberCheckBoxIsDisplayedOrNot" time="0.242"/>
  <testcase classname="testCases.LoginTestCase" name="profileStyleValidation" time="0.856"/>
</testsuite> <!-- MySecondTest -->
