<?xml version="1.0" encoding="UTF-8"?>
<!-- Generated by org.testng.reporters.JUnitXMLReporter -->
<testsuite ignored="0" hostname="DESKTOP-SMGNKPT" failures="0" tests="7" name="MyThirdTest" time="43.362" errors="0" timestamp="2023-01-06T19:39:17 IST">
  <testcase classname="testCases.LoginTestCase" name="verifyLoggedUser" time="1.971"/>
  <testcase classname="testCases.LoginTestCase" name="verifyLoggedUser" time="0.718"/>
  <testcase classname="testCases.LoginTestCase" name="verifyLoggedUser" time="0.648"/>
  <testcase classname="testCases.LoginTestCase" name="verifyLoggedUser" time="1.247"/>
  <testcase classname="testCases.LoginTestCase" name="excelRead" time="1.255"/>
  <testcase classname="testCases.LoginTestCase" name="verifyRememberCheckBoxIsDisplayedOrNot" time="0.318"/>
  <testcase classname="testCases.LoginTestCase" name="profileStyleValidation" time="1.127"/>
</testsuite> <!-- MyThirdTest -->
