<?xml version="1.0" encoding="UTF-8"?>
<!-- Generated by org.testng.reporters.JUnitXMLReporter -->
<testsuite ignored="4" hostname="DESKTOP-SMGNKPT" failures="0" tests="2" name="MyTestName" time="30.625" errors="0" timestamp="2022-12-19T09:34:41 IST">
  <testcase classname="testCases.ManageOrdersTestCase" name="verifyTheSearchOfExistingOrder" time="3.048"/>
  <testcase classname="testCases.ManageDeliveryBoyTestCase" name="verifyToolTip" time="4.727"/>
  <testcase classname="testCases.ManageOrdersTestCase" name="verifyTheSearchOfNonExistingOrder" time="0.0">
    <ignored/>
  </testcase> <!-- verifyTheSearchOfNonExistingOrder -->
  <testcase classname="testCases.ManageDeliveryBoyTestCase" name="verifySearchButtonIsClickable" time="0.0">
    <ignored/>
  </testcase> <!-- verifySearchButtonIsClickable -->
  <testcase classname="testCases.ManageDeliveryBoyTestCase" name="verifyStylePropertyOfNewButton" time="0.0">
    <ignored/>
  </testcase> <!-- verifyStylePropertyOfNewButton -->
  <testcase classname="testCases.ManageOrdersTestCase" name="verifyTheChangeDeliveryDateOfSearchedOrder" time="0.0">
    <ignored/>
  </testcase> <!-- verifyTheChangeDeliveryDateOfSearchedOrder -->
</testsuite> <!-- MyTestName -->
