<?xml version="1.0" encoding="UTF-8"?>
<!-- Generated by org.testng.reporters.JUnitXMLReporter -->
<testsuite ignored="12" hostname="DESKTOP-SMGNKPT" failures="0" tests="7" name="MyTestName" time="66.132" errors="0" timestamp="2023-01-15T18:28:17 IST">
  <testcase classname="testCases.ManageOrdersTestCase" name="verifyTheSearchOfExistingOrder" time="2.866"/>
  <testcase classname="testCases.ManageDeliveryBoyTestCase" name="verifyToolTip" time="4.461"/>
  <testcase classname="testCases.ManageDeliveryBoyTestCase" name="verifyStylePropertyOfNewButton" time="4.497"/>
  <testcase classname="testCases.ManageLocationTestCase" name="verifyTheCountOfActiveStatus" time="1.855"/>
  <testcase classname="testCases.MobileSliderTestCase" name="verifyTextOfMobileSlider" time="0.791"/>
  <testcase classname="testCases.PushNotificationTestCase" name="verifyTheAlertText" time="2.906"/>
  <testcase classname="testCases.PushNotificationTestCase" name="verifyTheColorOfSendButton" time="1.475"/>
  <testcase classname="testCases.ManageOrdersTestCase" name="verifyThePaymentModeAndOrderId" time="0.0">
    <ignored/>
  </testcase> <!-- verifyThePaymentModeAndOrderId -->
  <testcase classname="testCases.MobileSliderTestCase" name="verifyFirstImageStatusIsActiveOrNot" time="0.0">
    <ignored/>
  </testcase> <!-- verifyFirstImageStatusIsActiveOrNot -->
  <testcase classname="testCases.ManageOrdersTestCase" name="verifyTheSearchOfNonExistingOrder" time="0.0">
    <ignored/>
  </testcase> <!-- verifyTheSearchOfNonExistingOrder -->
  <testcase classname="testCases.ManageOrdersTestCase" name="verifyTheValuesOfStatusInSearchOrder" time="0.0">
    <ignored/>
  </testcase> <!-- verifyTheValuesOfStatusInSearchOrder -->
  <testcase classname="testCases.ManageDeliveryBoyTestCase" name="verifySearchButtonIsClickable" time="0.0">
    <ignored/>
  </testcase> <!-- verifySearchButtonIsClickable -->
  <testcase classname="testCases.PushNotificationTestCase" name="verifyTheColorOfMandatorySymbolOfTitle" time="0.0">
    <ignored/>
  </testcase> <!-- verifyTheColorOfMandatorySymbolOfTitle -->
  <testcase classname="testCases.PushNotificationTestCase" name="verifyTheTitleOfPushNotification" time="0.0">
    <ignored/>
  </testcase> <!-- verifyTheTitleOfPushNotification -->
  <testcase classname="testCases.ManageOrdersTestCase" name="verifyTheChangeDeliveryDateOfSearchedOrder" time="0.0">
    <ignored/>
  </testcase> <!-- verifyTheChangeDeliveryDateOfSearchedOrder -->
  <testcase classname="testCases.ManageLocationTestCase" name="verifyTheSelectedValueIsBelfast" time="0.0">
    <ignored/>
  </testcase> <!-- verifyTheSelectedValueIsBelfast -->
  <testcase classname="testCases.PushNotificationTestCase" name="verifyTheBackgroundColorOfAlert" time="0.0">
    <ignored/>
  </testcase> <!-- verifyTheBackgroundColorOfAlert -->
  <testcase classname="testCases.MobileSliderTestCase" name="verifyFirstImageIsDisplayedOrNot" time="0.0">
    <ignored/>
  </testcase> <!-- verifyFirstImageIsDisplayedOrNot -->
  <testcase classname="testCases.ManageOrdersTestCase" name="verifyThePaymentModeIsBank" time="0.0">
    <ignored/>
  </testcase> <!-- verifyThePaymentModeIsBank -->
</testsuite> <!-- MyTestName -->
