<?xml version="1.0" encoding="UTF-8"?>
<!-- Generated by org.testng.reporters.JUnitXMLReporter -->
<testsuite ignored="25" hostname="DESKTOP-SMGNKPT" failures="0" tests="8" name="MyTestName" time="101.181" errors="0" timestamp="2023-01-16T12:41:20 IST">
  <testcase classname="testCases.ManageProductTestCase" name="verifyVegIsSelectedInProductType" time="3.329"/>
  <testcase classname="testCases.ManageOrdersTestCase" name="verifyTheSearchOfExistingOrder" time="2.864"/>
  <testcase classname="testCases.ManageDeliveryBoyTestCase" name="verifyToolTip" time="4.295"/>
  <testcase classname="testCases.ManageDeliveryBoyTestCase" name="verifyStylePropertyOfNewButton" time="4.234"/>
  <testcase classname="testCases.ManageLocationTestCase" name="verifyTheCountOfActiveStatus" time="1.45"/>
  <testcase classname="testCases.MobileSliderTestCase" name="verifyTextOfMobileSlider" time="0.732"/>
  <testcase classname="testCases.PushNotificationTestCase" name="verifyTheAlertText" time="2.529"/>
  <testcase classname="testCases.PushNotificationTestCase" name="verifyTheColorOfSendButton" time="1.306"/>
  <testcase classname="testCases.ManageOrdersTestCase" name="verifyTheSearchOfNonExistingOrder" time="0.0">
    <ignored/>
  </testcase> <!-- verifyTheSearchOfNonExistingOrder -->
  <testcase classname="testCases.AdminUsersTestCase" name="verifyTheAdminUserIsAbleToCreate" time="0.0">
    <ignored/>
  </testcase> <!-- verifyTheAdminUserIsAbleToCreate -->
  <testcase classname="testCases.ManageOrdersTestCase" name="verifyThePaymentModeAndOrderId" time="0.0">
    <ignored/>
  </testcase> <!-- verifyThePaymentModeAndOrderId -->
  <testcase classname="testCases.LoginTestCase" name="verifyLoggedUser" time="0.0">
    <ignored/>
  </testcase> <!-- verifyLoggedUser -->
  <testcase classname="testCases.LoginTestCase" name="verifyLoggedUser" time="0.0">
    <ignored/>
  </testcase> <!-- verifyLoggedUser -->
  <testcase classname="testCases.ManageDeliveryBoyTestCase" name="verifySearchButtonIsClickable" time="0.0">
    <ignored/>
  </testcase> <!-- verifySearchButtonIsClickable -->
  <testcase classname="testCases.PushNotificationTestCase" name="verifyTheTitleOfPushNotification" time="0.0">
    <ignored/>
  </testcase> <!-- verifyTheTitleOfPushNotification -->
  <testcase classname="testCases.ManageLocationTestCase" name="verifyTheSelectedValueIsBelfast" time="0.0">
    <ignored/>
  </testcase> <!-- verifyTheSelectedValueIsBelfast -->
  <testcase classname="testCases.LoginTestCase" name="excelRead" time="0.0">
    <ignored/>
  </testcase> <!-- excelRead -->
  <testcase classname="testCases.DashboardTestCase" name="verifyTextOfManageExpenses" time="0.0">
    <ignored/>
  </testcase> <!-- verifyTextOfManageExpenses -->
  <testcase classname="testCases.DashboardTestCase" name="homeStyleValidation" time="0.0">
    <ignored/>
  </testcase> <!-- homeStyleValidation -->
  <testcase classname="testCases.LoginTestCase" name="verifyRememberCheckBoxIsDisplayedOrNot" time="0.0">
    <ignored/>
  </testcase> <!-- verifyRememberCheckBoxIsDisplayedOrNot -->
  <testcase classname="testCases.AdminUsersTestCase" name="verifyTheSearchOfExistingAdminUser" time="0.0">
    <ignored/>
  </testcase> <!-- verifyTheSearchOfExistingAdminUser -->
  <testcase classname="testCases.ManageProductTestCase" name="verifyYesIsSelectedInStock" time="0.0">
    <ignored/>
  </testcase> <!-- verifyYesIsSelectedInStock -->
  <testcase classname="testCases.DashboardTestCase" name="verifyTextOfManageUsers" time="0.0">
    <ignored/>
  </testcase> <!-- verifyTextOfManageUsers -->
  <testcase classname="testCases.ManageOrdersTestCase" name="verifyThePaymentModeIsBank" time="0.0">
    <ignored/>
  </testcase> <!-- verifyThePaymentModeIsBank -->
  <testcase classname="testCases.MobileSliderTestCase" name="verifyFirstImageStatusIsActiveOrNot" time="0.0">
    <ignored/>
  </testcase> <!-- verifyFirstImageStatusIsActiveOrNot -->
  <testcase classname="testCases.ManageOrdersTestCase" name="verifyTheValuesOfStatusInSearchOrder" time="0.0">
    <ignored/>
  </testcase> <!-- verifyTheValuesOfStatusInSearchOrder -->
  <testcase classname="testCases.ManageProductTestCase" name="verifyImageUpload" time="0.0">
    <ignored/>
  </testcase> <!-- verifyImageUpload -->
  <testcase classname="testCases.PushNotificationTestCase" name="verifyTheColorOfMandatorySymbolOfTitle" time="0.0">
    <ignored/>
  </testcase> <!-- verifyTheColorOfMandatorySymbolOfTitle -->
  <testcase classname="testCases.ManageOrdersTestCase" name="verifyTheChangeDeliveryDateOfSearchedOrder" time="0.0">
    <ignored/>
  </testcase> <!-- verifyTheChangeDeliveryDateOfSearchedOrder -->
  <testcase classname="testCases.LoginTestCase" name="profileStyleValidation" time="0.0">
    <ignored/>
  </testcase> <!-- profileStyleValidation -->
  <testcase classname="testCases.PushNotificationTestCase" name="verifyTheBackgroundColorOfAlert" time="0.0">
    <ignored/>
  </testcase> <!-- verifyTheBackgroundColorOfAlert -->
  <testcase classname="testCases.MobileSliderTestCase" name="verifyFirstImageIsDisplayedOrNot" time="0.0">
    <ignored/>
  </testcase> <!-- verifyFirstImageIsDisplayedOrNot -->
  <testcase classname="testCases.AdminUsersTestCase" name="verifyIfTheExistingAdminUserIsAbleToCreateOrNot" time="0.0">
    <ignored/>
  </testcase> <!-- verifyIfTheExistingAdminUserIsAbleToCreateOrNot -->
</testsuite> <!-- MyTestName -->
