<?xml version="1.0" encoding="UTF-8"?>
<!-- Generated by org.testng.reporters.JUnitXMLReporter -->
<testsuite ignored="2" hostname="DESKTOP-SMGNKPT" failures="1" tests="5" name="MyFirstRetryTest" time="59.322" errors="0" timestamp="2022-12-30T09:35:17 IST">
  <testcase classname="testCases.AdminUsersTestCase" name="verifyTheAdminUserIsAbleToCreate" time="3.54">
    <skipped/>
  </testcase> <!-- verifyTheAdminUserIsAbleToCreate -->
  <testcase classname="testCases.AdminUsersTestCase" name="verifyTheAdminUserIsAbleToCreate" time="3.854">
    <skipped/>
  </testcase> <!-- verifyTheAdminUserIsAbleToCreate -->
  <testcase classname="testCases.AdminUsersTestCase" name="verifyTheAdminUserIsAbleToCreate" time="6.636">
    <skipped/>
  </testcase> <!-- verifyTheAdminUserIsAbleToCreate -->
  <testcase classname="testCases.AdminUsersTestCase" name="verifyTheAdminUserIsAbleToCreate" time="3.702">
    <skipped/>
  </testcase> <!-- verifyTheAdminUserIsAbleToCreate -->
  <testcase classname="testCases.AdminUsersTestCase" name="verifyTheAdminUserIsAbleToCreate" time="3.794">
    <failure type="java.lang.AssertionError" message="admin user not created successfully expected [×
Alert!
User  Successfully] but found [×
Alert!
User Created Successfully]">
      <![CDATA[java.lang.AssertionError: admin user not created successfully expected [×
Alert!
User  Successfully] but found [×
Alert!
User Created Successfully]
at testCases.AdminUsersTestCase.verifyTheAdminUserIsAbleToCreate(AdminUsersTestCase.java:20)
at java.base/java.util.ArrayList.forEach(ArrayList.java:1511)
... Removed 30 stack frames]]>
    </failure>
  </testcase> <!-- verifyTheAdminUserIsAbleToCreate -->
  <testcase classname="testCases.AdminUsersTestCase" name="verifyTheSearchOfExistingAdminUser" time="0.0">
    <ignored/>
  </testcase> <!-- verifyTheSearchOfExistingAdminUser -->
  <testcase classname="testCases.AdminUsersTestCase" name="verifyIfTheExistingAdminUserIsAbleToCreateOrNot" time="0.0">
    <ignored/>
  </testcase> <!-- verifyIfTheExistingAdminUserIsAbleToCreateOrNot -->
</testsuite> <!-- MyFirstRetryTest -->
