<?xml version="1.0" encoding="UTF-8"?>
<testng-results ignored="5" total="6" passed="1" failed="0" skipped="0">
  <reporter-output>
  </reporter-output>
  <suite started-at="2023-01-11T18:46:33 IST" name="TestRunnerSuite" finished-at="2023-01-11T18:46:46 IST" duration-ms="13627">
    <groups>
    </groups>
    <test started-at="2023-01-11T18:46:33 IST" name="MyFirstTest" finished-at="2023-01-11T18:46:46 IST" duration-ms="13627">
      <class name="testCases.ManageOrdersTestCase">
        <test-method is-config="true" signature="beforeMethod(java.lang.String)[pri:0, instance:testCases.ManageOrdersTestCase@17046283]" started-at="2023-01-11T18:46:33 IST" name="beforeMethod" finished-at="2023-01-11T18:46:36 IST" duration-ms="2797" status="PASS">
          <params>
            <param index="0">
              <value>
                <![CDATA[chrome]]>
              </value>
            </param>
          </params>
          <reporter-output>
          </reporter-output>
        </test-method> <!-- beforeMethod -->
        <test-method signature="verifyTheChangeDeliveryDateOfSearchedOrder()[pri:2, instance:testCases.ManageOrdersTestCase@17046283]" started-at="2023-01-11T18:46:36 IST" name="verifyTheChangeDeliveryDateOfSearchedOrder" description="change the delivery date of a searched order" finished-at="2023-01-11T18:46:46 IST" duration-ms="10642" status="PASS">
          <reporter-output>
          </reporter-output>
        </test-method> <!-- verifyTheChangeDeliveryDateOfSearchedOrder -->
        <test-method is-config="true" signature="afterMethod(org.testng.ITestResult)[pri:0, instance:testCases.ManageOrdersTestCase@17046283]" started-at="2023-01-11T18:46:46 IST" name="afterMethod" finished-at="2023-01-11T18:46:46 IST" duration-ms="159" status="PASS">
          <params>
            <param index="0">
              <value>
                <![CDATA[[TestResult name=verifyTheChangeDeliveryDateOfSearchedOrder status=SUCCESS method=ManageOrdersTestCase.verifyTheChangeDeliveryDateOfSearchedOrder()[pri:2, instance:testCases.ManageOrdersTestCase@17046283] output={null}]]]>
              </value>
            </param>
          </params>
          <reporter-output>
          </reporter-output>
        </test-method> <!-- afterMethod -->
      </class> <!-- testCases.ManageOrdersTestCase -->
    </test> <!-- MyFirstTest -->
  </suite> <!-- TestRunnerSuite -->
</testng-results>
