<?xml version="1.0" encoding="UTF-8"?>
<testng-results ignored="4" total="5" passed="1" failed="0" skipped="0">
  <reporter-output>
  </reporter-output>
  <suite started-at="2023-01-16T18:16:18 IST" name="TestRunnerSuite" finished-at="2023-01-16T18:16:22 IST" duration-ms="4236">
    <groups>
    </groups>
    <test started-at="2023-01-16T18:16:18 IST" name="MyFirstTest" finished-at="2023-01-16T18:16:22 IST" duration-ms="4236">
      <class name="testCases.LoginTestCase">
        <test-method is-config="true" signature="beforeMethod(java.lang.String)[pri:0, instance:testCases.LoginTestCase@34b7ac2f]" started-at="2023-01-16T18:16:18 IST" name="beforeMethod" finished-at="2023-01-16T18:16:20 IST" duration-ms="2641" status="PASS">
          <params>
            <param index="0">
              <value>
                <![CDATA[chrome]]>
              </value>
            </param>
          </params>
          <reporter-output>
          </reporter-output>
        </test-method> <!-- beforeMethod -->
        <test-method signature="excelRead()[pri:3, instance:testCases.LoginTestCase@34b7ac2f]" started-at="2023-01-16T18:16:20 IST" name="excelRead" description="login by using excel read" finished-at="2023-01-16T18:16:22 IST" duration-ms="1438" status="PASS">
          <reporter-output>
          </reporter-output>
        </test-method> <!-- excelRead -->
        <test-method is-config="true" signature="afterMethod(org.testng.ITestResult)[pri:0, instance:testCases.LoginTestCase@34b7ac2f]" started-at="2023-01-16T18:16:22 IST" name="afterMethod" finished-at="2023-01-16T18:16:22 IST" duration-ms="128" status="PASS">
          <params>
            <param index="0">
              <value>
                <![CDATA[[TestResult name=excelRead status=SUCCESS method=LoginTestCase.excelRead()[pri:3, instance:testCases.LoginTestCase@34b7ac2f] output={null}]]]>
              </value>
            </param>
          </params>
          <reporter-output>
          </reporter-output>
        </test-method> <!-- afterMethod -->
      </class> <!-- testCases.LoginTestCase -->
    </test> <!-- MyFirstTest -->
  </suite> <!-- TestRunnerSuite -->
</testng-results>
