<?xml version="1.0" encoding="UTF-8"?>
<testng-results ignored="3" total="4" passed="1" failed="0" skipped="0">
  <reporter-output>
  </reporter-output>
  <suite started-at="2022-12-22T18:09:58 IST" name="TestRunnerSuite" finished-at="2022-12-22T18:10:16 IST" duration-ms="18315">
    <groups>
    </groups>
    <test started-at="2022-12-22T18:09:58 IST" name="MyFirstTest" finished-at="2022-12-22T18:10:16 IST" duration-ms="18315">
      <class name="testCases.ManageProductTestCase">
        <test-method is-config="true" signature="beforeMethod(java.lang.String)[pri:0, instance:testCases.ManageProductTestCase@131774fe]" started-at="2022-12-22T18:09:58 IST" name="beforeMethod" finished-at="2022-12-22T18:10:04 IST" duration-ms="6473" status="PASS">
          <params>
            <param index="0">
              <value>
                <![CDATA[chrome]]>
              </value>
            </param>
          </params>
          <reporter-output>
          </reporter-output>
        </test-method> <!-- beforeMethod -->
        <test-method signature="verifyImageUpload()[pri:0, instance:testCases.ManageProductTestCase@131774fe]" started-at="2022-12-22T18:10:04 IST" name="verifyImageUpload" finished-at="2022-12-22T18:10:16 IST" duration-ms="11629" status="PASS">
          <reporter-output>
          </reporter-output>
        </test-method> <!-- verifyImageUpload -->
        <test-method is-config="true" signature="afterMethod(org.testng.ITestResult)[pri:0, instance:testCases.ManageProductTestCase@131774fe]" started-at="2022-12-22T18:10:16 IST" name="afterMethod" finished-at="2022-12-22T18:10:16 IST" duration-ms="149" status="PASS">
          <params>
            <param index="0">
              <value>
                <![CDATA[[TestResult name=verifyImageUpload status=SUCCESS method=ManageProductTestCase.verifyImageUpload()[pri:0, instance:testCases.ManageProductTestCase@131774fe] output={null}]]]>
              </value>
            </param>
          </params>
          <reporter-output>
          </reporter-output>
        </test-method> <!-- afterMethod -->
      </class> <!-- testCases.ManageProductTestCase -->
    </test> <!-- MyFirstTest -->
  </suite> <!-- TestRunnerSuite -->
</testng-results>
